### ISSUE TITLE
How can I debug tpm2-abrmd

### ISSUE THREAD

**Issue by JerryDevis** [tpm2-software/tpm2-abrmd#814]
I want to gdb tpm2-abrmd, I got the following log.
```
root@localuser:~# ps -ef | grep tpm2-abrmd
tss      1452463       1  0 09:43 ?        00:00:00 /usr/sbin/tpm2-abrmd
root     1453017 1452040  0 09:45 pts/2    00:00:00 grep --color=auto tpm2-abrmd
root@localuser:~# gdb tpm2-abrmd 1452463
GNU gdb (Ubuntu 9.2-0ubuntu1~20.04.1) 9.2
Copyright (C) 2020 Free Software Foundation, Inc.
License GPLv3+: GNU GPL version 3 or later <http://gnu.org/licenses/gpl.html>
This is free software: you are free to change and redistribute it.
There is NO WARRANTY, to the extent permitted by law.
Type "show copying" and "show warranty" for details.
This GDB was configured as "x86_64-linux-gnu".
Type "show configuration" for configuration details.
For bug reporting instructions, please see:
<http://www.gnu.org/software/gdb/bugs/>.
Find the GDB manual and other documentation resources online at:
    <http://www.gnu.org/software/gdb/documentation/>.

For help, type "help".
Type "apropos word" to search for commands related to "word"...
~/peda-master/peda.py:45: SyntaxWarning: "is" with a literal. Did you mean "=="?
~/peda-master/peda.py:5780: SyntaxWarning: "is" with a literal. Did you mean "=="?
~/peda-master/peda.py:5782: SyntaxWarning: "is" with a literal. Did you mean "=="?
~/peda-master/peda.py:5791: SyntaxWarning: "is" with a literal. Did you mean "=="?
~/peda-master/peda.py:5793: SyntaxWarning: "is" with a literal. Did you mean "=="?
~/peda-master/peda.py:5802: SyntaxWarning: "is" with a literal. Did you mean "=="?
~/peda-master/peda.py:5804: SyntaxWarning: "is" with a literal. Did you mean "=="?
Reading symbols from tpm2-abrmd...
(No debugging symbols found in tpm2-abrmd)
Attaching to program: /usr/sbin/tpm2-abrmd, process 1452463
[New LWP 1452473]
[New LWP 1452476]
[New LWP 1452481]
[New LWP 1452482]
[New LWP 1452483]
[Thread debugging using libthread_db enabled]
Using host libthread_db library "/lib/x86_64-linux-gnu/libthread_db.so.1".
[----------------------------------registers-----------------------------------]
RAX: 0xfffffffffffffdfc
RBX: 0x7f84c37e90d0 (<g_poll>:  endbr64)
RCX: 0x7f84c31ac99f (<__GI___poll+79>:  cmp    rax,0xfffffffffffff000)
RDX: 0xffffffff
RSI: 0x1
RDI: 0x5572e5665de0 --> 0x100000003
RBP: 0x5572e5665de0 --> 0x100000003
RSP: 0x7fff5e7e04a0 --> 0x5572e5665de0 --> 0x100000003
RIP: 0x7f84c31ac99f (<__GI___poll+79>:  cmp    rax,0xfffffffffffff000)
R8 : 0x0
R9 : 0x1
R10: 0x5572e56642f8 --> 0x1000100000003
R11: 0x293
R12: 0x1
R13: 0x7fff5e7e04e4 --> 0xdf07d900ffffffff
R14: 0xffffffff
R15: 0x5572e5664270 --> 0x0
EFLAGS: 0x293 (CARRY parity ADJUST zero SIGN trap INTERRUPT direction overflow)
[-------------------------------------code-------------------------------------]
   0x7f84c31ac993 <__GI___poll+67>:     mov    rdi,QWORD PTR [rsp+0x8]
   0x7f84c31ac998 <__GI___poll+72>:     mov    eax,0x7
   0x7f84c31ac99d <__GI___poll+77>:     syscall
=> 0x7f84c31ac99f <__GI___poll+79>:     cmp    rax,0xfffffffffffff000
   0x7f84c31ac9a5 <__GI___poll+85>:     ja     0x7f84c31ac9d2 <__GI___poll+130>
   0x7f84c31ac9a7 <__GI___poll+87>:     mov    edi,r8d
   0x7f84c31ac9aa <__GI___poll+90>:     mov    DWORD PTR [rsp+0x8],eax
   0x7f84c31ac9ae <__GI___poll+94>:     call   0x7f84c312e640 <__libc_disable_asynccancel>
[------------------------------------stack-------------------------------------]
0000| 0x7fff5e7e04a0 --> 0x5572e5665de0 --> 0x100000003
0008| 0x7fff5e7e04a8 --> 0x5572e5665de0 --> 0x100000003
0016| 0x7fff5e7e04b0 --> 0x1
0024| 0x7fff5e7e04b8 --> 0xffffffff00000001
0032| 0x7fff5e7e04c0 --> 0x5572e5664270 --> 0x0
0040| 0x7fff5e7e04c8 --> 0x7f84c37d936e (mov    ebx,eax)
0048| 0x7fff5e7e04d0 --> 0x5572e5665600 --> 0x0
0056| 0x7fff5e7e04d8 --> 0x1e50cc9b0
[------------------------------------------------------------------------------]
Legend: code, data, rodata, value
0x00007f84c31ac99f in __GI___poll (fds=0x5572e5665de0, nfds=0x1, timeout=0xffffffff) at ../sysdeps/unix/sysv/linux/poll.c:29
29      ../sysdeps/unix/sysv/linux/poll.c: No such file or directory.

```
